2015/05/04 23:45:51 [error] [exception.CHttpException.404] exception 'CHttpException' with message 'Unable to resolve the request "gii".' in C:\easyphp\data\localweb\yii\framework\web\CWebApplication.php:286
Stack trace:
#0 C:\easyphp\data\localweb\yii\framework\web\CWebApplication.php(141): CWebApplication->runController('gii')
#1 C:\easyphp\data\localweb\yii\framework\base\CApplication.php(184): CWebApplication->processRequest()
#2 C:\easyphp\data\localweb\projects\meu-projeto\index.php(13): CApplication->run()
#3 {main}
REQUEST_URI=/projects/meu-projeto/index.php?r=gii
---
2015/05/05 02:40:45 [error] [exception.CHttpException.404] exception 'CHttpException' with message 'Unable to resolve the request "usuario".' in C:\easyPHP\data\localweb\yii\framework\web\CWebApplication.php:286
Stack trace:
#0 C:\easyPHP\data\localweb\yii\framework\web\CWebApplication.php(141): CWebApplication->runController('usuario')
#1 C:\easyPHP\data\localweb\yii\framework\base\CApplication.php(184): CWebApplication->processRequest()
#2 C:\easyPHP\data\localweb\projects\meu-projeto\index.php(13): CApplication->run()
#3 {main}
REQUEST_URI=/projects/meu-projeto/index.php?r=usuario
---
2015/05/05 02:40:53 [error] [exception.CHttpException.404] exception 'CHttpException' with message 'Unable to resolve the request "usuario".' in C:\easyPHP\data\localweb\yii\framework\web\CWebApplication.php:286
Stack trace:
#0 C:\easyPHP\data\localweb\yii\framework\web\CWebApplication.php(141): CWebApplication->runController('usuario')
#1 C:\easyPHP\data\localweb\yii\framework\base\CApplication.php(184): CWebApplication->processRequest()
#2 C:\easyPHP\data\localweb\projects\meu-projeto\index.php(13): CApplication->run()
#3 {main}
REQUEST_URI=/projects/meu-projeto/?r=usuario
---
2015/05/05 03:11:55 [error] [exception.CHttpException.403] exception 'CHttpException' with message 'You are not authorized to perform this action.' in C:\easyPHP\data\localweb\yii\framework\web\auth\CAccessControlFilter.php:182
Stack trace:
#0 C:\easyPHP\data\localweb\yii\framework\web\auth\CAccessControlFilter.php(145): CAccessControlFilter->accessDenied(Object(WebUser), 'You are not aut...')
#1 C:\easyPHP\data\localweb\yii\framework\web\filters\CFilter.php(38): CAccessControlFilter->preFilter(Object(CFilterChain))
#2 C:\easyPHP\data\localweb\yii\framework\web\CController.php(1145): CFilter->filter(Object(CFilterChain))
#3 C:\easyPHP\data\localweb\yii\framework\web\filters\CInlineFilter.php(58): CController->filterAccessControl(Object(CFilterChain))
#4 C:\easyPHP\data\localweb\yii\framework\web\filters\CFilterChain.php(130): CInlineFilter->filter(Object(CFilterChain))
#5 C:\easyPHP\data\localweb\yii\framework\web\CController.php(291): CFilterChain->run()
#6 C:\easyPHP\data\localweb\yii\framework\web\CController.php(265): CController->runActionWithFilters(Object(CInlineAction), Array)
#7 C:\easyPHP\data\localweb\yii\framework\web\CWebApplication.php(282): CController->run('create')
#8 C:\easyPHP\data\localweb\yii\framework\web\CWebApplication.php(141): CWebApplication->runController('usuarios/create')
#9 C:\easyPHP\data\localweb\yii\framework\base\CApplication.php(184): CWebApplication->processRequest()
#10 C:\easyPHP\data\localweb\projects\meu-projeto\index.php(13): CApplication->run()
#11 {main}
REQUEST_URI=/projects/meu-projeto/index.php?r=usuarios/create
HTTP_REFERER=http://127.0.0.1/projects/meu-projeto/?r=usuarios
---
2015/05/05 13:05:43 [error] [php] include(embedYoutube.php): failed to open stream: No such file or directory (C:\easyPHP\data\localweb\yii\framework\YiiBase.php:432)
Stack trace:
#0 C:\easyPHP\data\localweb\yii\framework\web\CWidgetFactory.php(147): spl_autoload_call()
#1 C:\easyPHP\data\localweb\yii\framework\web\CBaseController.php(146): CWidgetFactory->createWidget()
#2 C:\easyPHP\data\localweb\yii\framework\web\CBaseController.php(180): SiteController->createWidget()
#3 C:\easyPHP\data\localweb\projects\meu-projeto\protected\views\site\index.php(30): SiteController->widget()
#4 C:\easyPHP\data\localweb\yii\framework\web\CBaseController.php(126): require()
#5 C:\easyPHP\data\localweb\yii\framework\web\CBaseController.php(95): SiteController->renderInternal()
#6 C:\easyPHP\data\localweb\yii\framework\web\CController.php(869): SiteController->renderFile()
#7 C:\easyPHP\data\localweb\yii\framework\web\CController.php(782): SiteController->renderPartial()
#8 C:\easyPHP\data\localweb\projects\meu-projeto\protected\controllers\SiteController.php(32): SiteController->render()
#9 C:\easyPHP\data\localweb\yii\framework\web\actions\CInlineAction.php(49): SiteController->actionIndex()
#10 C:\easyPHP\data\localweb\yii\framework\web\CController.php(308): CInlineAction->runWithParams()
#11 C:\easyPHP\data\localweb\yii\framework\web\CController.php(286): SiteController->runAction()
#12 C:\easyPHP\data\localweb\yii\framework\web\CController.php(265): SiteController->runActionWithFilters()
#13 C:\easyPHP\data\localweb\yii\framework\web\CWebApplication.php(282): SiteController->run()
#14 C:\easyPHP\data\localweb\yii\framework\web\CWebApplication.php(141): CWebApplication->runController()
#15 C:\easyPHP\data\localweb\yii\framework\base\CApplication.php(184): CWebApplication->processRequest()
#16 C:\easyPHP\data\localweb\projects\meu-projeto\index.php(13): CWebApplication->run()
REQUEST_URI=/projects/meu-projeto/index.php?r=site/index
in C:\easyPHP\data\localweb\projects\meu-projeto\protected\views\site\index.php (30)
in C:\easyPHP\data\localweb\projects\meu-projeto\protected\controllers\SiteController.php (32)
in C:\easyPHP\data\localweb\projects\meu-projeto\index.php (13)
2015/05/05 13:07:20 [error] [php] include(embedYoutube.php): failed to open stream: No such file or directory (C:\easyPHP\data\localweb\yii\framework\YiiBase.php:432)
Stack trace:
#0 C:\easyPHP\data\localweb\yii\framework\web\CWidgetFactory.php(147): spl_autoload_call()
#1 C:\easyPHP\data\localweb\yii\framework\web\CBaseController.php(146): CWidgetFactory->createWidget()
#2 C:\easyPHP\data\localweb\yii\framework\web\CBaseController.php(180): SiteController->createWidget()
#3 C:\easyPHP\data\localweb\projects\meu-projeto\protected\views\site\index.php(30): SiteController->widget()
#4 C:\easyPHP\data\localweb\yii\framework\web\CBaseController.php(126): require()
#5 C:\easyPHP\data\localweb\yii\framework\web\CBaseController.php(95): SiteController->renderInternal()
#6 C:\easyPHP\data\localweb\yii\framework\web\CController.php(869): SiteController->renderFile()
#7 C:\easyPHP\data\localweb\yii\framework\web\CController.php(782): SiteController->renderPartial()
#8 C:\easyPHP\data\localweb\projects\meu-projeto\protected\controllers\SiteController.php(32): SiteController->render()
#9 C:\easyPHP\data\localweb\yii\framework\web\actions\CInlineAction.php(49): SiteController->actionIndex()
#10 C:\easyPHP\data\localweb\yii\framework\web\CController.php(308): CInlineAction->runWithParams()
#11 C:\easyPHP\data\localweb\yii\framework\web\CController.php(286): SiteController->runAction()
#12 C:\easyPHP\data\localweb\yii\framework\web\CController.php(265): SiteController->runActionWithFilters()
#13 C:\easyPHP\data\localweb\yii\framework\web\CWebApplication.php(282): SiteController->run()
#14 C:\easyPHP\data\localweb\yii\framework\web\CWebApplication.php(141): CWebApplication->runController()
#15 C:\easyPHP\data\localweb\yii\framework\base\CApplication.php(184): CWebApplication->processRequest()
#16 C:\easyPHP\data\localweb\projects\meu-projeto\index.php(13): CWebApplication->run()
REQUEST_URI=/projects/meu-projeto/index.php?r=site/index
in C:\easyPHP\data\localweb\projects\meu-projeto\protected\views\site\index.php (30)
in C:\easyPHP\data\localweb\projects\meu-projeto\protected\controllers\SiteController.php (32)
in C:\easyPHP\data\localweb\projects\meu-projeto\index.php (13)
2015/05/05 13:25:30 [error] [exception.CException] exception 'CException' with message 'The asset "C:\easyPHP\data\localweb\projects\meu-projeto\protected\extensions\jcarousel\js\jquery.jcarousel.min.js" to be published does not exist.' in C:\easyPHP\data\localweb\yii\framework\web\CAssetManager.php:257
Stack trace:
#0 C:\easyPHP\data\localweb\projects\meu-projeto\protected\extensions\jcarousel\jcarousel.php(21): CAssetManager->publish('C:\easyPHP\data...')
#1 C:\easyPHP\data\localweb\yii\framework\web\CBaseController.php(214): jcarousel->run()
#2 C:\easyPHP\data\localweb\projects\meu-projeto\protected\views\site\index.php(58): CBaseController->endWidget()
#3 C:\easyPHP\data\localweb\yii\framework\web\CBaseController.php(126): require('C:\easyPHP\data...')
#4 C:\easyPHP\data\localweb\yii\framework\web\CBaseController.php(95): CBaseController->renderInternal('C:\easyPHP\data...', NULL, true)
#5 C:\easyPHP\data\localweb\yii\framework\web\CController.php(869): CBaseController->renderFile('C:\easyPHP\data...', NULL, true)
#6 C:\easyPHP\data\localweb\yii\framework\web\CController.php(782): CController->renderPartial('index', NULL, true)
#7 C:\easyPHP\data\localweb\projects\meu-projeto\protected\controllers\SiteController.php(32): CController->render('index')
#8 C:\easyPHP\data\localweb\yii\framework\web\actions\CInlineAction.php(49): SiteController->actionIndex()
#9 C:\easyPHP\data\localweb\yii\framework\web\CController.php(308): CInlineAction->runWithParams(Array)
#10 C:\easyPHP\data\localweb\yii\framework\web\CController.php(286): CController->runAction(Object(CInlineAction))
#11 C:\easyPHP\data\localweb\yii\framework\web\CController.php(265): CController->runActionWithFilters(Object(CInlineAction), Array)
#12 C:\easyPHP\data\localweb\yii\framework\web\CWebApplication.php(282): CController->run('index')
#13 C:\easyPHP\data\localweb\yii\framework\web\CWebApplication.php(141): CWebApplication->runController('site/index')
#14 C:\easyPHP\data\localweb\yii\framework\base\CApplication.php(184): CWebApplication->processRequest()
#15 C:\easyPHP\data\localweb\projects\meu-projeto\index.php(13): CApplication->run()
#16 {main}
REQUEST_URI=/projects/meu-projeto/index.php?r=site/index
---
